2023-11-06 07:09:22,467 [INFO] Activator:176 - 


2023-11-06 07:09:22,467 [INFO] Activator:177 - !SESSION log4j initialized
2023-11-06 07:09:26,637 [INFO] LogOutputStream:77 - [STDOUT_REDIRECT] 
2023-11-06 07:09:28,324 [INFO] ApplicationProperties:184 - Using Application install path: C:\ST\STM32CubeIDE_1.13.0\STM32CubeIDE\plugins\com.st.stm32cube.common.mx_6.9.2.202309101412
2023-11-06 07:09:28,339 [INFO] DbMcusXml:78 - Set database path to: C:\ST\STM32CubeIDE_1.13.0\STM32CubeIDE\plugins\com.st.stm32cube.common.mx_6.9.2.202309101412\\db\/mcu/
2023-11-06 07:09:28,339 [INFO] ApiDb:274 - Set plugin database path to: C:\ST\STM32CubeIDE_1.13.0\STM32CubeIDE\plugins\com.st.stm32cube.common.mx_6.9.2.202309101412\\db\/plugins/boardmanager/
2023-11-06 07:09:28,339 [WARN] ApiDb:259 - Overriding images path with different value:  => C:\ST\STM32CubeIDE_1.13.0\STM32CubeIDE\plugins\com.st.stm32cube.common.mx_6.9.2.202309101412\\db\/plugins/mcufinder/images/
2023-11-06 07:09:28,348 [INFO] ApiDb:250 - Set database path to: C:\Users\PDCPDZQ\.stmcufinder\plugins\mcufinder//mcu/
2023-11-06 07:09:28,349 [INFO] DbMcusAds:125 - Set database path to: C:\Users\PDCPDZQ\.stmcufinder\plugins\mcufinder//mcu/
2023-11-06 07:09:28,350 [INFO] CrossReferenceDbSqlite:203 - Set database path to: C:\Users\PDCPDZQ\.stmcufinder\plugins\mcufinder//mcu/cs/
2023-11-06 07:09:28,424 [INFO] RulesReader:64 - Compatibility file has been processed (293 Rules)
2023-11-06 07:09:28,494 [INFO] DbMcusXml:78 - Set database path to: C:\ST\STM32CubeIDE_1.13.0\STM32CubeIDE\plugins\com.st.stm32cube.common.mx_6.9.2.202309101412\\db\/mcu/
2023-11-06 07:09:28,494 [INFO] ApiDb:274 - Set plugin database path to: C:\ST\STM32CubeIDE_1.13.0\STM32CubeIDE\plugins\com.st.stm32cube.common.mx_6.9.2.202309101412\\db\/plugins/boardmanager/
2023-11-06 07:09:28,495 [INFO] ApiDb:261 - Set plugin images path to: C:\ST\STM32CubeIDE_1.13.0\STM32CubeIDE\plugins\com.st.stm32cube.common.mx_6.9.2.202309101412\\db\/plugins/mcufinder/images/
2023-11-06 07:09:28,495 [WARN] DbFile:41 - Overriding database path with different value: C:\Users\PDCPDZQ\.stmcufinder\plugins\mcufinder/ => C:\Users\PDCPDZQ\.stmcufinder\plugins\mcufinder
2023-11-06 07:09:28,495 [INFO] ApiDb:250 - Set database path to: C:\Users\PDCPDZQ\.stmcufinder\plugins\mcufinder//mcu/
2023-11-06 07:09:28,495 [WARN] DbFile:41 - Overriding database path with different value: C:\Users\PDCPDZQ\.stmcufinder\plugins\mcufinder/ => C:\Users\PDCPDZQ\.stmcufinder\plugins\mcufinder
2023-11-06 07:09:28,495 [INFO] DbMcusAds:125 - Set database path to: C:\Users\PDCPDZQ\.stmcufinder\plugins\mcufinder//mcu/
2023-11-06 07:09:28,495 [WARN] DbFile:41 - Overriding database path with different value: C:\Users\PDCPDZQ\.stmcufinder\plugins\mcufinder/ => C:\Users\PDCPDZQ\.stmcufinder\plugins\mcufinder
2023-11-06 07:09:28,495 [WARN] DbFile:41 - Overriding database path with different value: C:\Users\PDCPDZQ\.stmcufinder\plugins\mcufinder/ => C:\Users\PDCPDZQ\.stmcufinder\plugins\mcufinder
2023-11-06 07:09:28,495 [INFO] CrossReferenceDbSqlite:203 - Set database path to: C:\Users\PDCPDZQ\.stmcufinder\plugins\mcufinder//mcu/cs/
2023-11-06 07:09:28,559 [INFO] MainPanel:262 - HeapMemory: 268435456
2023-11-06 07:09:28,627 [INFO] DbMcusXml:78 - Set database path to: C:\ST\STM32CubeIDE_1.13.0\STM32CubeIDE\plugins\com.st.stm32cube.common.mx_6.9.2.202309101412\\db\/mcu/
2023-11-06 07:09:28,627 [INFO] ApiDb:274 - Set plugin database path to: C:\ST\STM32CubeIDE_1.13.0\STM32CubeIDE\plugins\com.st.stm32cube.common.mx_6.9.2.202309101412\\db\/plugins/boardmanager/
2023-11-06 07:09:28,627 [INFO] ApiDb:261 - Set plugin images path to: C:\ST\STM32CubeIDE_1.13.0\STM32CubeIDE\plugins\com.st.stm32cube.common.mx_6.9.2.202309101412\\db\/plugins/mcufinder/images/
2023-11-06 07:09:28,627 [WARN] DbFile:41 - Overriding database path with different value: C:\Users\PDCPDZQ\.stmcufinder\plugins\mcufinder/ => C:\Users\PDCPDZQ\.stmcufinder\plugins\mcufinder
2023-11-06 07:09:28,627 [INFO] ApiDb:250 - Set database path to: C:\Users\PDCPDZQ\.stmcufinder\plugins\mcufinder//mcu/
2023-11-06 07:09:28,628 [WARN] DbFile:41 - Overriding database path with different value: C:\Users\PDCPDZQ\.stmcufinder\plugins\mcufinder/ => C:\Users\PDCPDZQ\.stmcufinder\plugins\mcufinder
2023-11-06 07:09:28,628 [INFO] DbMcusAds:125 - Set database path to: C:\Users\PDCPDZQ\.stmcufinder\plugins\mcufinder//mcu/
2023-11-06 07:09:28,628 [WARN] DbFile:41 - Overriding database path with different value: C:\Users\PDCPDZQ\.stmcufinder\plugins\mcufinder/ => C:\Users\PDCPDZQ\.stmcufinder\plugins\mcufinder
2023-11-06 07:09:28,628 [WARN] DbFile:41 - Overriding database path with different value: C:\Users\PDCPDZQ\.stmcufinder\plugins\mcufinder/ => C:\Users\PDCPDZQ\.stmcufinder\plugins\mcufinder
2023-11-06 07:09:28,628 [INFO] CrossReferenceDbSqlite:203 - Set database path to: C:\Users\PDCPDZQ\.stmcufinder\plugins\mcufinder//mcu/cs/
2023-11-06 07:09:28,645 [INFO] ApplicationProperties:184 - Using Application install path: C:\ST\STM32CubeIDE_1.13.0\STM32CubeIDE\plugins\com.st.stm32cube.common.mx_6.9.2.202309101412
2023-11-06 07:09:28,646 [INFO] PluginManage:196 - Search for loadable plugins [exclusion list=, ]
2023-11-06 07:09:28,648 [INFO] PluginManage:310 - Check plugin analytics
2023-11-06 07:09:28,751 [INFO] AnalyticsPlugin:253 - Accepted Software Licenses: 
2023-11-06 07:09:28,751 [INFO] AnalyticsPlugin:255 - Accepted CMSIS Pack Licenses: 
2023-11-06 07:09:28,751 [INFO] AnalyticsPlugin:257 - Accepted Firmware Licenses: FW.H7.1.11.0
2023-11-06 07:09:28,753 [INFO] PluginManage:359 - Loaded plugin analytics (category:tool,tabindex:-1)
2023-11-06 07:09:28,754 [INFO] PluginManage:310 - Check plugin cadmodel
2023-11-06 07:09:28,758 [INFO] CADModel:105 - Init CAD model plugin
2023-11-06 07:09:28,758 [INFO] PluginManage:359 - Loaded plugin cadmodel (category:power,tabindex:5)
2023-11-06 07:09:28,758 [INFO] PluginManage:310 - Check plugin clock
2023-11-06 07:09:28,767 [INFO] PluginManage:359 - Loaded plugin clock (category:base,tabindex:2)
2023-11-06 07:09:28,767 [INFO] PluginManage:310 - Check plugin ddr
2023-11-06 07:09:28,769 [INFO] PluginManage:359 - Loaded plugin ddr (category:tool,tabindex:6)
2023-11-06 07:09:28,769 [INFO] PluginManage:310 - Check plugin filemanager
2023-11-06 07:09:28,863 [INFO] PluginManage:359 - Loaded plugin filemanager (category:base,tabindex:10)
2023-11-06 07:09:28,863 [INFO] PluginManage:310 - Check plugin ipmanager
2023-11-06 07:09:28,871 [INFO] PluginManage:359 - Loaded plugin ipmanager (category:base,tabindex:5)
2023-11-06 07:09:28,871 [INFO] PluginManage:310 - Check plugin lpbam
2023-11-06 07:09:28,877 [INFO] PluginManage:359 - Loaded plugin lpbam (category:base,tabindex:0)
2023-11-06 07:09:28,878 [INFO] PluginManage:310 - Check plugin memorymap
2023-11-06 07:09:28,887 [INFO] PluginManage:359 - Loaded plugin memorymap (category:base,tabindex:4)
2023-11-06 07:09:28,887 [INFO] PluginManage:310 - Check plugin pinoutandconfiguration
2023-11-06 07:09:28,893 [INFO] PluginManage:359 - Loaded plugin pinoutandconfiguration (category:base,tabindex:1)
2023-11-06 07:09:28,893 [INFO] PluginManage:310 - Check plugin pinoutconfig
2023-11-06 07:09:28,956 [WARN] SupportedApi:132 - Cannot load RTOS API schema: s4s-elt-must-match.1: The content of 'definitions' must match (annotation?, (simpleType | complexType)?, (unique | key | keyref)*)). A problem was found starting at: attribute.
2023-11-06 07:09:29,058 [INFO] PluginManage:359 - Loaded plugin pinoutconfig (category:base,tabindex:0)
2023-11-06 07:09:29,059 [INFO] PluginManage:310 - Check plugin power
2023-11-06 07:09:29,067 [INFO] PluginManage:359 - Loaded plugin power (category:power,tabindex:4)
2023-11-06 07:09:29,067 [INFO] PluginManage:310 - Check plugin projectmanager
2023-11-06 07:09:29,077 [INFO] PluginManage:359 - Loaded plugin projectmanager (category:projectmanager,tabindex:3)
2023-11-06 07:09:29,078 [INFO] PluginManage:310 - Check plugin thirdparty
2023-11-06 07:09:29,166 [INFO] PluginManage:359 - Loaded plugin thirdparty (category:base,tabindex:-1)
2023-11-06 07:09:29,166 [WARN] IntegrityCheckThread:84 - waiting for thirdparty lock release [integrity check]
2023-11-06 07:09:29,166 [INFO] PluginManage:310 - Check plugin tools
2023-11-06 07:09:29,166 [INFO] IntegrityCheckThread:86 - entering critical section [integrity check]
2023-11-06 07:09:29,166 [INFO] ThirdPartyUpdaterWithRetryManager:70 - Updater plugin not ready yet. [1/15]
2023-11-06 07:09:29,168 [INFO] PluginManage:359 - Loaded plugin tools (category:base,tabindex:7)
2023-11-06 07:09:29,168 [INFO] PluginManage:310 - Check plugin tutovideos
2023-11-06 07:09:29,287 [INFO] PluginManage:359 - Loaded plugin tutovideos (category:base,tabindex:-1)
2023-11-06 07:09:29,287 [INFO] PluginManage:310 - Check plugin updater
2023-11-06 07:09:29,295 [INFO] PluginManage:359 - Loaded plugin updater (category:base,tabindex:12)
2023-11-06 07:09:29,295 [INFO] PluginManage:310 - Check plugin userauth
2023-11-06 07:09:29,300 [INFO] UserAuth:113 - Init User Auth plugin
2023-11-06 07:09:29,300 [INFO] PluginManage:359 - Loaded plugin userauth (category:base,tabindex:14)
2023-11-06 07:09:29,300 [INFO] PluginManage:283 - PluginManage : Loaded plugins [17]
2023-11-06 07:09:29,463 [INFO] PinOutPanel:1499 - setPackage(No Configuration,No Configuration)
2023-11-06 07:09:29,551 [INFO] CADModel:165 - CPN selected for project level
2023-11-06 07:09:29,551 [INFO] CADModel:114 - Register for checkConnection events
2023-11-06 07:09:29,565 [INFO] IPUIPlugin:80 - create IPUIPlugin
2023-11-06 07:09:29,565 [INFO] PluginManager:220 - loadIPPluginJar : add adc
2023-11-06 07:09:29,567 [INFO] IPUIPlugin:80 - create IPUIPlugin
2023-11-06 07:09:29,567 [INFO] PluginManager:220 - loadIPPluginJar : add aes
2023-11-06 07:09:29,569 [INFO] IPUIPlugin:80 - create IPUIPlugin
2023-11-06 07:09:29,569 [INFO] PluginManager:220 - loadIPPluginJar : add can
2023-11-06 07:09:29,570 [INFO] IPUIPlugin:80 - create IPUIPlugin
2023-11-06 07:09:29,570 [INFO] PluginManager:220 - loadIPPluginJar : add comp
2023-11-06 07:09:29,572 [INFO] IPUIPlugin:80 - create IPUIPlugin
2023-11-06 07:09:29,572 [INFO] PluginManager:220 - loadIPPluginJar : add cryp
2023-11-06 07:09:29,574 [INFO] IPUIPlugin:80 - create IPUIPlugin
2023-11-06 07:09:29,574 [INFO] PluginManager:220 - loadIPPluginJar : add dfsdm
2023-11-06 07:09:29,578 [INFO] IPUIPlugin:80 - create IPUIPlugin
2023-11-06 07:09:29,578 [INFO] PluginManager:220 - loadIPPluginJar : add dma
2023-11-06 07:09:29,581 [INFO] IPUIPlugin:80 - create IPUIPlugin
2023-11-06 07:09:29,581 [INFO] PluginManager:220 - loadIPPluginJar : add dma3
2023-11-06 07:09:29,581 [INFO] IPUIPlugin:80 - create IPUIPlugin
2023-11-06 07:09:29,581 [INFO] PluginManager:220 - loadIPPluginJar : add fatfs
2023-11-06 07:09:29,585 [INFO] IPUIPlugin:80 - create IPUIPlugin
2023-11-06 07:09:29,585 [INFO] PluginManager:220 - loadIPPluginJar : add fmc
2023-11-06 07:09:29,588 [INFO] IPUIPlugin:80 - create IPUIPlugin
2023-11-06 07:09:29,588 [INFO] PluginManager:220 - loadIPPluginJar : add freertos
2023-11-06 07:09:29,589 [INFO] IPUIPlugin:80 - create IPUIPlugin
2023-11-06 07:09:29,589 [INFO] PluginManager:220 - loadIPPluginJar : add genericplugin
2023-11-06 07:09:29,591 [INFO] IPUIPlugin:80 - create IPUIPlugin
2023-11-06 07:09:29,591 [INFO] PluginManager:220 - loadIPPluginJar : add gfxmmu
2023-11-06 07:09:29,594 [INFO] IPUIPlugin:80 - create IPUIPlugin
2023-11-06 07:09:29,594 [INFO] PluginManager:220 - loadIPPluginJar : add gic
2023-11-06 07:09:29,596 [INFO] IPUIPlugin:80 - create IPUIPlugin
2023-11-06 07:09:29,597 [INFO] PluginManager:220 - loadIPPluginJar : add gpio
2023-11-06 07:09:29,599 [INFO] IPUIPlugin:80 - create IPUIPlugin
2023-11-06 07:09:29,599 [INFO] PluginManager:220 - loadIPPluginJar : add gtzc
2023-11-06 07:09:29,601 [INFO] IPUIPlugin:80 - create IPUIPlugin
2023-11-06 07:09:29,601 [INFO] PluginManager:220 - loadIPPluginJar : add hash
2023-11-06 07:09:29,602 [INFO] IPUIPlugin:80 - create IPUIPlugin
2023-11-06 07:09:29,602 [INFO] PluginManager:220 - loadIPPluginJar : add i2c
2023-11-06 07:09:29,604 [INFO] IPUIPlugin:80 - create IPUIPlugin
2023-11-06 07:09:29,604 [INFO] PluginManager:220 - loadIPPluginJar : add i2s
2023-11-06 07:09:29,606 [INFO] IPUIPlugin:80 - create IPUIPlugin
2023-11-06 07:09:29,606 [INFO] PluginManager:220 - loadIPPluginJar : add i3c
2023-11-06 07:09:29,608 [INFO] IPUIPlugin:80 - create IPUIPlugin
2023-11-06 07:09:29,608 [INFO] PluginManager:220 - loadIPPluginJar : add ipddr
2023-11-06 07:09:29,613 [INFO] IPUIPlugin:80 - create IPUIPlugin
2023-11-06 07:09:29,613 [INFO] PluginManager:220 - loadIPPluginJar : add linkedlist
2023-11-06 07:09:29,615 [INFO] IPUIPlugin:80 - create IPUIPlugin
2023-11-06 07:09:29,615 [INFO] PluginManager:220 - loadIPPluginJar : add lorawan
2023-11-06 07:09:29,616 [INFO] IPUIPlugin:80 - create IPUIPlugin
2023-11-06 07:09:29,616 [INFO] PluginManager:220 - loadIPPluginJar : add ltdc
2023-11-06 07:09:29,620 [INFO] IPUIPlugin:80 - create IPUIPlugin
2023-11-06 07:09:29,620 [INFO] PluginManager:220 - loadIPPluginJar : add mdma
2023-11-06 07:09:29,622 [INFO] IPUIPlugin:80 - create IPUIPlugin
2023-11-06 07:09:29,622 [INFO] PluginManager:220 - loadIPPluginJar : add nvic
2023-11-06 07:09:29,624 [INFO] IPUIPlugin:80 - create IPUIPlugin
2023-11-06 07:09:29,624 [INFO] PluginManager:220 - loadIPPluginJar : add opamp
2023-11-06 07:09:29,626 [INFO] IPUIPlugin:80 - create IPUIPlugin
2023-11-06 07:09:29,626 [INFO] PluginManager:220 - loadIPPluginJar : add openamp
2023-11-06 07:09:29,628 [INFO] IPUIPlugin:80 - create IPUIPlugin
2023-11-06 07:09:29,628 [INFO] PluginManager:220 - loadIPPluginJar : add pdm2pcm
2023-11-06 07:09:29,632 [INFO] IPUIPlugin:80 - create IPUIPlugin
2023-11-06 07:09:29,634 [INFO] PluginManager:220 - loadIPPluginJar : add plateformsettings
2023-11-06 07:09:29,635 [INFO] IPUIPlugin:80 - create IPUIPlugin
2023-11-06 07:09:29,635 [INFO] PluginManager:220 - loadIPPluginJar : add quadspi
2023-11-06 07:09:29,638 [INFO] IPUIPlugin:80 - create IPUIPlugin
2023-11-06 07:09:29,638 [INFO] PluginManager:220 - loadIPPluginJar : add resmgrutility
2023-11-06 07:09:29,640 [INFO] IPUIPlugin:80 - create IPUIPlugin
2023-11-06 07:09:29,640 [INFO] PluginManager:220 - loadIPPluginJar : add sai
2023-11-06 07:09:29,641 [INFO] IPUIPlugin:80 - create IPUIPlugin
2023-11-06 07:09:29,641 [INFO] PluginManager:220 - loadIPPluginJar : add spi
2023-11-06 07:09:29,644 [INFO] IPUIPlugin:80 - create IPUIPlugin
2023-11-06 07:09:29,644 [INFO] PluginManager:220 - loadIPPluginJar : add stm32_wpan
2023-11-06 07:09:29,646 [INFO] IPUIPlugin:80 - create IPUIPlugin
2023-11-06 07:09:29,646 [INFO] PluginManager:220 - loadIPPluginJar : add tim
2023-11-06 07:09:29,647 [INFO] IPUIPlugin:80 - create IPUIPlugin
2023-11-06 07:09:29,647 [INFO] PluginManager:220 - loadIPPluginJar : add touchsensing
2023-11-06 07:09:29,648 [INFO] IPUIPlugin:80 - create IPUIPlugin
2023-11-06 07:09:29,648 [INFO] PluginManager:220 - loadIPPluginJar : add tracer_emb
2023-11-06 07:09:29,650 [INFO] IPUIPlugin:80 - create IPUIPlugin
2023-11-06 07:09:29,650 [INFO] PluginManager:220 - loadIPPluginJar : add ts
2023-11-06 07:09:29,651 [INFO] IPUIPlugin:80 - create IPUIPlugin
2023-11-06 07:09:29,651 [INFO] PluginManager:220 - loadIPPluginJar : add tsc
2023-11-06 07:09:29,652 [INFO] IPUIPlugin:80 - create IPUIPlugin
2023-11-06 07:09:29,652 [INFO] PluginManager:220 - loadIPPluginJar : add ucpd
2023-11-06 07:09:29,654 [INFO] IPUIPlugin:80 - create IPUIPlugin
2023-11-06 07:09:29,654 [INFO] PluginManager:220 - loadIPPluginJar : add usart
2023-11-06 07:09:29,656 [INFO] IPUIPlugin:80 - create IPUIPlugin
2023-11-06 07:09:29,656 [INFO] PluginManager:220 - loadIPPluginJar : add usbx
2023-11-06 07:09:29,766 [INFO] CADModel:165 - CPN selected for project level
2023-11-06 07:09:29,767 [INFO] CADModel:114 - Register for checkConnection events
2023-11-06 07:09:29,767 [FATAL] Updater:308 - Updater called before beeing initialized
2023-11-06 07:09:29,767 [ERROR] CADModel:125 - Updater not yet initialized, retry later 
2023-11-06 07:09:29,872 [INFO] CADModel:165 - CPN selected for project level
2023-11-06 07:09:29,872 [INFO] CADModel:114 - Register for checkConnection events
2023-11-06 07:09:29,872 [FATAL] Updater:308 - Updater called before beeing initialized
2023-11-06 07:09:29,873 [ERROR] CADModel:125 - Updater not yet initialized, retry later 
2023-11-06 07:09:29,875 [FATAL] Updater:308 - Updater called before beeing initialized
2023-11-06 07:09:29,948 [FATAL] Updater:308 - Updater called before beeing initialized
2023-11-06 07:09:29,951 [INFO] DbMcusAds:53 - JSON generation date=Tue Mar 07 02:50:55 GMT-06:00 2023 (1678179055335)
2023-11-06 07:09:29,952 [FATAL] Updater:308 - Updater called before beeing initialized
2023-11-06 07:09:29,986 [WARN] DetailPanel:346 - Failed to get advertising image, set to default
2023-11-06 07:09:30,087 [FATAL] Updater:308 - Updater called before beeing initialized
2023-11-06 07:09:30,089 [FATAL] Updater:308 - Updater called before beeing initialized
2023-11-06 07:09:30,089 [FATAL] Updater:308 - Updater called before beeing initialized
2023-11-06 07:09:30,089 [WARN] DetailPanel:346 - Failed to get advertising image, set to default
2023-11-06 07:09:30,089 [FATAL] Updater:308 - Updater called before beeing initialized
2023-11-06 07:09:30,119 [ERROR] Updater:1120 - MainUpdater not yet initialized. External WinMGr cannot be set.
2023-11-06 07:09:30,121 [INFO] Updater:1056 - Updater Version found : 6.9.2
2023-11-06 07:09:30,135 [INFO] ApplicationProperties:184 - Using Application install path: C:\ST\STM32CubeIDE_1.13.0\STM32CubeIDE\plugins\com.st.stm32cube.common.mx_6.9.2.202309101412
2023-11-06 07:09:30,782 [INFO] MainUpdater:2868 - connection check result : 10
2023-11-06 07:09:30,783 [INFO] MainUpdater:285 - Updater Check For Update Now.
2023-11-06 07:09:30,783 [INFO] MicroXplorer:498 - Change Database Version : DB.6.0.92
2023-11-06 07:09:30,787 [INFO] McuFinderGlobals:63 - Set McuFinder mode to 2 (CubeIDE integrated)
2023-11-06 07:09:30,930 [INFO] CheckServerUpdateThread:120 - End of CheckServer Thread
2023-11-06 07:09:32,357 [WARN] PackLoader:240 - Cannot read IP mode file for STMicroelectronics.X-CUBE-SMBUS.2.1.0
2023-11-06 07:09:32,377 [WARN] PackLoader:240 - Cannot read IP mode file for STMicroelectronics.X-CUBE-AZRTOS-F7.1.1.0
2023-11-06 07:09:32,385 [WARN] PackLoader:240 - Cannot read IP mode file for STMicroelectronics.FP-SNS-MOTENV1.4.3.2
2023-11-06 07:09:32,390 [WARN] PackLoader:240 - Cannot read IP mode file for STMicroelectronics.FP-SNS-FLIGHT1.5.0.2
2023-11-06 07:09:32,396 [WARN] PackLoader:240 - Cannot read IP mode file for STMicroelectronics.X-CUBE-DISPLAY.3.0.0
2023-11-06 07:09:32,406 [WARN] PackLoader:240 - Cannot read IP mode file for STMicroelectronics.X-CUBE-BLE1.7.0.0
2023-11-06 07:09:32,410 [WARN] PackLoader:240 - Cannot read IP mode file for emotas.I-CUBE-CANOPEN.1.3.0
2023-11-06 07:09:32,414 [WARN] PackLoader:240 - Cannot read IP mode file for STMicroelectronics.X-CUBE-TOUCHGFX.4.22.0
2023-11-06 07:09:32,416 [WARN] PackLoader:240 - Cannot read IP mode file for STMicroelectronics.X-CUBE-TOUCHGFX.4.22.1
2023-11-06 07:09:32,419 [WARN] PackLoader:240 - Cannot read IP mode file for STMicroelectronics.FP-SNS-SMARTAG2.1.2.0
2023-11-06 07:09:32,426 [INFO] LogOutputStream:77 - [STDOUT_REDIRECT] 1 : Invalid condition id : UX_CORESTACK_Condition cause : null
2023-11-06 07:09:32,426 [INFO] LogOutputStream:77 - [STDOUT_REDIRECT] 1 : Invalid condition id : UX_CORESTACK_Condition cause : null
2023-11-06 07:09:32,427 [INFO] LogOutputStream:77 - [STDOUT_REDIRECT] 1 : Invalid condition id : UX_CORESTACK_Condition cause : null
2023-11-06 07:09:32,427 [INFO] LogOutputStream:77 - [STDOUT_REDIRECT] 1 : Invalid condition id : UX_CORESTACK_Condition cause : null
2023-11-06 07:09:32,428 [INFO] LogOutputStream:77 - [STDOUT_REDIRECT] 1 : Invalid condition id : UX_CORESTACK_Condition cause : null
2023-11-06 07:09:32,430 [WARN] PackLoader:240 - Cannot read IP mode file for STMicroelectronics.X-CUBE-AZRTOS-WL.2.0.0
2023-11-06 07:09:32,436 [WARN] PackLoader:240 - Cannot read IP mode file for WES.I-CUBE-Cesium.1.3.0
2023-11-06 07:09:32,439 [WARN] PackLoader:240 - Cannot read IP mode file for STMicroelectronics.X-CUBE-BLE2.3.3.0
2023-11-06 07:09:32,444 [WARN] PackLoader:240 - Cannot read IP mode file for STMicroelectronics.X-CUBE-ALGOBUILD.1.3.0
2023-11-06 07:09:32,455 [WARN] PackLoader:240 - Cannot read IP mode file for STMicroelectronics.X-CUBE-AZRTOS-G0.1.1.0
2023-11-06 07:09:32,460 [WARN] PackLoader:240 - Cannot read IP mode file for STMicroelectronics.X-CUBE-NFC4.3.0.0
2023-11-06 07:09:32,468 [WARN] PackLoader:240 - Cannot read IP mode file for STMicroelectronics.X-CUBE-BLEMGR.3.0.0
2023-11-06 07:09:32,473 [WARN] PackLoader:240 - Cannot read IP mode file for STMicroelectronics.FP-ATR-SIGFOX1.3.2.0
2023-11-06 07:09:32,490 [WARN] PackLoader:240 - Cannot read IP mode file for SEGGER.I-CUBE-embOS.1.3.1
2023-11-06 07:09:32,532 [WARN] PackLoader:240 - Cannot read IP mode file for STMicroelectronics.X-CUBE-GNSS1.6.0.0
2023-11-06 07:09:32,545 [WARN] PackLoader:240 - Cannot read IP mode file for STMicroelectronics.X-CUBE-AZRTOS-F4.1.1.0
2023-11-06 07:09:32,562 [WARN] PackLoader:240 - Cannot read IP mode file for wolfSSL.I-CUBE-wolfSSL.5.6.3
2023-11-06 07:09:32,586 [WARN] PackLoader:240 - Cannot read IP mode file for STMicroelectronics.X-CUBE-AZRTOS-L5.2.0.0
2023-11-06 07:09:32,609 [WARN] PackLoader:240 - Cannot read IP mode file for STMicroelectronics.X-CUBE-MEMS1.9.6.0
2023-11-06 07:09:32,707 [WARN] PackLoader:240 - Cannot read IP mode file for STMicroelectronics.X-CUBE-EEPRMA1.4.2.0
2023-11-06 07:09:32,712 [WARN] PackLoader:240 - Cannot read IP mode file for ITTIA_DB.I-CUBE-ITTIADB.8.8.0
2023-11-06 07:09:32,716 [WARN] PackLoader:240 - Cannot read IP mode file for STMicroelectronics.X-CUBE-BLEMGR.2.0.0
2023-11-06 07:09:32,727 [WARN] ConditionMgr:438 - getConditionDescription Invalid condition id : UX DEVICE CLASS RTOS Condition cause : null
2023-11-06 07:09:32,727 [WARN] ConditionMgr:438 - getConditionDescription Invalid condition id : UX DEVICE CLASS RTOS Condition cause : null
2023-11-06 07:09:32,729 [WARN] PackLoader:240 - Cannot read IP mode file for STMicroelectronics.X-CUBE-AZRTOS-H7.3.1.0
2023-11-06 07:09:32,729 [WARN] ConditionMgr:1039 - genDependencies : Invalid condition id : UX DEVICE CLASS RTOS Condition cause : null
2023-11-06 07:09:32,730 [WARN] ConditionMgr:1039 - genDependencies : Invalid condition id : UX DEVICE CLASS RTOS Condition cause : null
2023-11-06 07:09:32,730 [WARN] ConditionMgr:1039 - genDependencies : Invalid condition id : UX DEVICE CLASS RTOS Condition cause : null
2023-11-06 07:09:32,730 [WARN] ConditionMgr:1039 - genDependencies : Invalid condition id : UX DEVICE CLASS RTOS Condition cause : null
2023-11-06 07:09:32,730 [WARN] ConditionMgr:1039 - genDependencies : Invalid condition id : UX DEVICE CLASS RTOS Condition cause : null
2023-11-06 07:09:32,735 [WARN] PackLoader:240 - Cannot read IP mode file for STMicroelectronics.X-CUBE-NFC7.1.0.1
2023-11-06 07:09:32,740 [WARN] PackLoader:240 - Cannot read IP mode file for STMicroelectronics.X-CUBE-NFC6.3.0.0
2023-11-06 07:09:32,744 [WARN] PackLoader:240 - Cannot read IP mode file for STMicroelectronics.X-CUBE-EEPRMA1.4.1.0
2023-11-06 07:09:32,748 [WARN] PackLoader:240 - Cannot read IP mode file for STMicroelectronics.X-CUBE-AI.8.1.0
2023-11-06 07:09:32,757 [WARN] ConditionMgr:438 - getConditionDescription Invalid condition id : LAN8742 Phy interface Condition cause : null
2023-11-06 07:09:32,758 [WARN] PackLoader:240 - Cannot read IP mode file for STMicroelectronics.X-CUBE-AZRTOS-L4.2.0.0
2023-11-06 07:09:32,758 [WARN] ConditionMgr:1039 - genDependencies : Invalid condition id : LAN8742 Phy interface Condition cause : null
2023-11-06 07:09:32,759 [WARN] ConditionMgr:1039 - genDependencies : Invalid condition id : LAN8742 Phy interface Condition cause : null
2023-11-06 07:09:32,759 [WARN] ConditionMgr:1039 - genDependencies : Invalid condition id : LAN8742 Phy interface Condition cause : null
2023-11-06 07:09:32,765 [WARN] PackLoader:240 - Cannot read IP mode file for STMicroelectronics.X-CUBE-SFXS2LP1.4.0.0
2023-11-06 07:09:32,770 [WARN] PackLoader:240 - Cannot read IP mode file for STMicroelectronics.X-CUBE-ISPU.1.1.0
2023-11-06 07:09:32,778 [WARN] ConditionMgr:438 - getConditionDescription Invalid condition id : UX DEVICE CLASS RTOS Condition cause : null
2023-11-06 07:09:32,778 [WARN] ConditionMgr:438 - getConditionDescription Invalid condition id : UX DEVICE CLASS RTOS Condition cause : null
2023-11-06 07:09:32,779 [WARN] PackLoader:240 - Cannot read IP mode file for STMicroelectronics.X-CUBE-AZRTOS-WB.2.0.0
2023-11-06 07:09:32,780 [WARN] ConditionMgr:1039 - genDependencies : Invalid condition id : UX DEVICE CLASS RTOS Condition cause : null
2023-11-06 07:09:32,780 [WARN] ConditionMgr:1039 - genDependencies : Invalid condition id : UX DEVICE CLASS RTOS Condition cause : null
2023-11-06 07:09:32,780 [WARN] ConditionMgr:1039 - genDependencies : Invalid condition id : UX DEVICE CLASS RTOS Condition cause : null
2023-11-06 07:09:32,780 [WARN] ConditionMgr:1039 - genDependencies : Invalid condition id : UX DEVICE CLASS RTOS Condition cause : null
2023-11-06 07:09:32,780 [WARN] ConditionMgr:1039 - genDependencies : Invalid condition id : UX DEVICE CLASS RTOS Condition cause : null
2023-11-06 07:09:32,789 [WARN] PackLoader:240 - Cannot read IP mode file for STMicroelectronics.X-CUBE-SUBG2.5.0.0
2023-11-06 07:09:32,802 [WARN] PackLoader:240 - Cannot read IP mode file for STMicroelectronics.X-CUBE-TOF1.3.3.1
2023-11-06 07:09:32,815 [WARN] PackLoader:240 - Cannot read IP mode file for STMicroelectronics.X-CUBE-AZRTOS-G4.2.0.0
2023-11-06 07:09:32,826 [WARN] PackLoader:240 - Cannot read IP mode file for Infineon.AIROC-Wi-Fi-Bluetooth-STM32.1.5.1
2023-11-06 07:09:32,853 [WARN] PackLoader:240 - Cannot read IP mode file for STMicroelectronics.X-CUBE-MEMS1.10.0.0
2023-11-06 07:09:32,928 [WARN] PackLoader:240 - Cannot read IP mode file for STMicroelectronics.X-CUBE-FREERTOS.1.1.0
2023-11-06 07:09:32,934 [WARN] PackLoader:240 - Cannot read IP mode file for portGmbH.I-Cube-SoM-uGOAL.1.1.0
2023-11-06 07:09:32,939 [WARN] PackLoader:240 - Cannot read IP mode file for STMicroelectronics.X-CUBE-ALS.1.0.1
2023-11-06 07:09:32,943 [WARN] PackLoader:240 - Cannot read IP mode file for STMicroelectronics.FP-ATR-ASTRA1.2.0.0
2023-11-06 07:09:32,943 [INFO] ThirdParty:978 - Integrity check success = true
2023-11-06 07:09:32,944 [INFO] IntegrityCheckThread:100 - exiting critical section [integrity check]
2023-11-06 07:09:32,944 [INFO] IntegrityCheckThread:103 - End integrity checks thread
2023-11-06 07:09:47,495 [ERROR] LogOutputStream:75 - [STDERR_REDIRECT] SLF4J: Failed to load class "org.slf4j.impl.StaticLoggerBinder".
2023-11-06 07:09:47,495 [ERROR] LogOutputStream:75 - [STDERR_REDIRECT] SLF4J: Defaulting to no-operation (NOP) logger implementation
2023-11-06 07:09:47,495 [ERROR] LogOutputStream:75 - [STDERR_REDIRECT] SLF4J: See http://www.slf4j.org/codes.html#StaticLoggerBinder for further details.
2023-11-06 11:37:55,172 [INFO] McuFinderGlobals:63 - Set McuFinder mode to 2 (CubeIDE integrated)
2023-11-06 11:37:55,176 [INFO] MainUpdater:2868 - connection check result : 10
2023-11-06 11:37:55,176 [INFO] MainUpdater:2868 - connection check result : 10
2023-11-06 11:37:55,206 [INFO] MicroXplorer:468 - Change Database Path : 
2023-11-06 11:37:55,207 [INFO] MicroXplorer:498 - Change Database Version : DB.6.0.92
2023-11-06 11:37:55,209 [WARN] ThirdParty:871 - waiting for thirdparty lock release [close project]
2023-11-06 11:37:55,209 [INFO] ThirdParty:873 - entering critical section [close project]
2023-11-06 11:37:55,210 [INFO] ThirdParty:883 - exiting critical section [close project]
2023-11-06 11:37:55,211 [INFO] PinOutPanel:1499 - setPackage(No Configuration,No Configuration)
2023-11-06 11:37:55,217 [INFO] UtilMem:75 - Begin LoadConfig() Used Memory: 175962720 Bytes (538968064)
2023-11-06 11:37:55,217 [INFO] MicroXplorer:468 - Change Database Path : 
2023-11-06 11:37:55,218 [INFO] MicroXplorer:498 - Change Database Version : DB.6.0.92
2023-11-06 11:37:55,218 [INFO] OpenFileManager:308 - Change cursor
2023-11-06 11:37:55,242 [INFO] Mcu:1946 - Initializing MCU STM32F302R(6-8)Tx STM32F302R8Tx STM32F302R8T6
2023-11-06 11:37:55,938 [INFO] Context:659 - Trying to add GPIOservice into a context  which must be forbidden
2023-11-06 11:37:56,302 [INFO] RtosManager:555 - Registered RTOS mode: class=CMSIS, group=RTOS, mode=CMSIS_V1, owner=FREERTOS
2023-11-06 11:37:56,303 [INFO] RtosManager:555 - Registered RTOS mode: class=CMSIS, group=RTOS2, mode=CMSIS_V2, owner=FREERTOS
2023-11-06 11:37:56,303 [INFO] RtosManager:555 - Registered RTOS mode: class=RTOS, group=Core, mode=CMSIS_V1, owner=FREERTOS
2023-11-06 11:37:56,303 [INFO] RtosManager:555 - Registered RTOS mode: class=RTOS, group=Core, mode=CMSIS_V2, owner=FREERTOS
2023-11-06 11:37:56,303 [WARN] ModelIntegratedComponent:184 - Missing modes for component STMicroelectronics:FreeRTOS:0.0.1:STMicroelectronics:RTOS:FreeRTOS:Core:::10.2.0:
2023-11-06 11:37:56,310 [WARN] ModelIntegratedComponent:63 - No mode defined for component null
2023-11-06 11:37:56,311 [WARN] ModelIntegratedComponent:63 - No mode defined for component null
2023-11-06 11:37:56,311 [WARN] ModelIntegratedComponent:63 - No mode defined for component null
2023-11-06 11:37:56,311 [WARN] ModelIntegratedComponent:63 - No mode defined for component null
2023-11-06 11:37:56,311 [WARN] ModelIntegratedComponent:63 - No mode defined for component null
2023-11-06 11:37:56,311 [WARN] ModelIntegratedComponent:63 - No mode defined for component null
2023-11-06 11:37:56,311 [WARN] ModelIntegratedComponent:63 - No mode defined for component null
2023-11-06 11:37:56,311 [WARN] ModelIntegratedComponent:63 - No mode defined for component null
2023-11-06 11:37:56,311 [WARN] ModelIntegratedComponent:63 - No mode defined for component null
2023-11-06 11:37:56,311 [WARN] ModelIntegratedComponent:63 - No mode defined for component null
2023-11-06 11:37:56,311 [WARN] ModelIntegratedComponent:63 - No mode defined for component null
2023-11-06 11:37:56,311 [WARN] ModelIntegratedComponent:63 - No mode defined for component null
2023-11-06 11:37:56,311 [WARN] ModelIntegratedComponent:63 - No mode defined for component null
2023-11-06 11:37:56,311 [WARN] ModelIntegratedComponent:63 - No mode defined for component null
2023-11-06 11:37:56,311 [WARN] ModelIntegratedComponent:63 - No mode defined for component null
2023-11-06 11:37:56,311 [WARN] ModelIntegratedComponent:63 - No mode defined for component null
2023-11-06 11:37:56,311 [WARN] ModelIntegratedComponent:63 - No mode defined for component null
2023-11-06 11:37:56,311 [WARN] ModelIntegratedComponent:63 - No mode defined for component null
2023-11-06 11:37:56,311 [WARN] ModelIntegratedComponent:63 - No mode defined for component null
2023-11-06 11:37:56,311 [WARN] ModelIntegratedComponent:63 - No mode defined for component null
2023-11-06 11:37:56,311 [WARN] ModelIntegratedComponent:63 - No mode defined for component null
2023-11-06 11:37:56,311 [WARN] ModelIntegratedComponent:63 - No mode defined for component null
2023-11-06 11:37:56,311 [WARN] ModelIntegratedComponent:63 - No mode defined for component null
2023-11-06 11:37:56,311 [WARN] ModelIntegratedComponent:63 - No mode defined for component null
2023-11-06 11:37:56,311 [WARN] ModelIntegratedComponent:63 - No mode defined for component null
2023-11-06 11:37:56,311 [WARN] ModelIntegratedComponent:63 - No mode defined for component null
2023-11-06 11:37:56,311 [WARN] ModelIntegratedComponent:63 - No mode defined for component null
2023-11-06 11:37:56,312 [WARN] ModelIntegratedComponent:63 - No mode defined for component null
2023-11-06 11:37:56,312 [WARN] ModelIntegratedComponent:63 - No mode defined for component null
2023-11-06 11:37:56,312 [WARN] ModelIntegratedComponent:63 - No mode defined for component null
2023-11-06 11:37:56,312 [WARN] ModelIntegratedComponent:63 - No mode defined for component null
2023-11-06 11:37:56,312 [WARN] ModelIntegratedComponent:63 - No mode defined for component null
2023-11-06 11:37:56,312 [WARN] ModelIntegratedComponent:63 - No mode defined for component null
2023-11-06 11:37:56,370 [INFO] ThirdPartyModel:298 - Start build external matchings
2023-11-06 11:37:56,658 [INFO] ThirdPartyModel:316 - End build external matchings
2023-11-06 11:37:56,670 [INFO] ImportTextPane:194 - (OptionalMessage_ERROR) IP (RCC) : Invalid parameter (FamilyName)
2023-11-06 11:37:56,671 [INFO] ImportTextPane:194 - (OptionalMessage_ERROR) IP (RCC) : Invalid parameter (TIM2Freq_Value)
2023-11-06 11:37:56,671 [INFO] ImportTextPane:194 - (OptionalMessage_ERROR) IP (RCC) : Parameter (USBFreq_Value) has invalid value (16000000)
2023-11-06 11:37:56,840 [INFO] UtilMem:75 - End LoadConfig() Used Memory: 401136928 Bytes (538968064)
2023-11-06 11:37:56,922 [INFO] ApiDb:581 - Connected to CubeFinder SQLite database (C:\Users\PDCPDZQ\.stmcufinder\plugins\mcufinder\mcu\cube-finder-db.db)
2023-11-06 11:37:56,970 [INFO] ApiDb:668 - CubeFinder database Data Model version=2.1
2023-11-06 11:37:56,970 [INFO] ApiDb:669 - CubeFinder database Configuration version=3.0.37
2023-11-06 11:37:56,971 [INFO] ApiDb:670 - CubeFinder database generation date=2023-10-13 (1697197505)
2023-11-06 11:37:56,971 [INFO] ApiDb:671 - CubeFinder database FW Pack versions=[FP-ATR-ASTRA1_V2.0.0, FP-SNS-FLIGHT1_V5.0.1, FP-SNS-FLIGHT1_V5.0.2, FP-SNS-MOTENV1_V4.3.1, FP-SNS-MOTENV1_V4.3.2, FP-SNS-SMARTAG2_V1.2.0, I-CUBE-ITTIADB_V8.6.3-1, STM32Cube_FW_C0_V1.1.0, STM32Cube_FW_F4_V1.27.1, STM32Cube_FW_F7_V1.17.0, STM32Cube_FW_G0_V1.6.1, STM32Cube_FW_G4_V1.5.1, STM32Cube_FW_H5_V0.5.1, STM32Cube_FW_H5_V1.1.1, STM32Cube_FW_H7_V1.11.0, STM32Cube_FW_L0_V1.12.2, STM32Cube_FW_L5_V1.5.0, STM32Cube_FW_U5_V1.3.0, STM32Cube_FW_U5_V1.3.0RC4, STM32Cube_FW_WBA_V1.0.0RC1, STM32Cube_FW_WBA_V1.1.0RC1, STM32Cube_FW_WBA_V1.1.1, STM32Cube_FW_WB_V1.15.0RC1, STM32Cube_FW_WB_V1.16.0, STM32Cube_FW_WB_V1.16.0RC2, STM32Cube_FW_WB_V1.17.3, STM32Cube_FW_WL_V1.3.0, X-CUBE-ALGOBUILD_V1.3.0, X-CUBE-ALS_V1.0.1, X-CUBE-AZRTOS-F4_V1.1.0, X-CUBE-AZRTOS-F7_V1.1.0, X-CUBE-AZRTOS-G0_V1.1.0, X-CUBE-AZRTOS-G4_V2.0.0, X-CUBE-AZRTOS-H7_V3.1.0, X-CUBE-AZRTOS-L4_V1.0.0, X-CUBE-AZRTOS-L4_V2.0.0, X-CUBE-AZRTOS-L5_V1.1.0, X-CUBE-AZRTOS-WB_V2.0.0, X-CUBE-AZRTOS-WL_V2.0.0, X-CUBE-BLE1_V7.0.0, X-CUBE-BLE2_V3.3.0, X-CUBE-BLEMGR_V2.0.0, X-CUBE-EEPRMA1_V4.1.0, X-CUBE-FREERTOS_V1.1.0, X-CUBE-GNSS1_V6.0.0, X-CUBE-MEMS1_V10.0.0, X-CUBE-MEMS1_V9.1.0, X-CUBE-MEMS1_V9.4.0, X-CUBE-MEMS1_V9.6.0, X-CUBE-NFC4_V3.0.0, X-CUBE-NFC7_V1.0.1, X-CUBE-SFXS2LP1_V4.0.0, X-CUBE-SUBG2_V5.0.0, X-CUBE-TOF1_V3.3.1]
2023-11-06 11:37:58,447 [INFO] ApiDb:240 - Found 323 in-development CPN: [B-G473E-ZEST1S, B-WB1M-WPAN1, B-WL5M-SUBG1, NUCLEO-C031C6, NUCLEO-H503RB, NUCLEO-H563ZI, NUCLEO-U545RE-Q, NUCLEO-U5A5ZJ-Q, NUCLEO-WBA52CG, STEVAL-PROTEUS1, STEVAL-SMARTAG2, STEVAL-STWINBX1, STM320518-EVAL, STM32C0116-DK, STM32C011D6Y3TR, STM32C011D6Y6TR, STM32C011F4P3, STM32C011F4P6, STM32C011F4U3, STM32C011F4U6TR, STM32C011F6P3, STM32C011F6P6, STM32C011F6U3, STM32C011F6U6TR, STM32C011J4M3, STM32C011J4M6, STM32C011J6M3, STM32C011J6M6, STM32C0316-DK, STM32C031C4T3, STM32C031C4T6, STM32C031C4U3, STM32C031C4U6, STM32C031C6T3, STM32C031C6T6, STM32C031C6U3, STM32C031C6U6, STM32C031F4P3, STM32C031F4P6, STM32C031F6P3, STM32C031F6P6, STM32C031G4U3, STM32C031G4U6, STM32C031G6U3, STM32C031G6U6, STM32C031K4T3, STM32C031K4T6, STM32C031K4U3, STM32C031K4U6, STM32C031K6T3, STM32C031K6T6, STM32C031K6U3, STM32C031K6U6, STM32G071K8TXN, STM32G071K8UXN, STM32G081GBU6N, STM32G081KBT6N, STM32G081KBUXN, STM32G0B1CCT6N, STM32G0B1KCT6, STM32G0B1NEY6TR, STM32G0B1RCT6N, STM32G0C1CCT6, STM32G0C1CCT6N, STM32G0C1CCU6N, STM32G0C1CET6N, STM32G0C1CEU6N, STM32G0C1KCT6, STM32G0C1NEY6TR, STM32G0C1RCI6N, STM32G0C1RCT6N, STM32G0C1REI6N, STM32G0C1RET6N, STM32G0C1VCI6, STM32G0C1VEI6, STM32G471CCT6, STM32G471CCU6, STM32G471CET3, STM32G471CET6, STM32G471CEU3, STM32G471CEU6, STM32G471MCT6, STM32G471MET3, STM32G471MET6, STM32G471MEY6TR, STM32G471QCT6, STM32G471QET3, STM32G471RCT6, STM32G471RET3, STM32G471RET6, STM32G471VCH6, STM32G471VCI6, STM32G471VCT6, STM32G471VEH3, STM32G471VEH6, STM32G471VEI3, STM32G471VEI6, STM32G471VET3, STM32G471VET6, STM32G474CCT6, STM32H503CBT6, STM32H503CBU6, STM32H503EBY6TR, STM32H503KBU6, STM32H503RBT6, STM32H562AGI6, STM32H562AII6, STM32H562IGK6, STM32H562IGT6, STM32H562IIK6, STM32H562IIT6, STM32H562RGT6, STM32H562RGV6, STM32H562RIT6, STM32H562RIV6, STM32H562VGT6, STM32H562VIT6, STM32H562ZGT6, STM32H562ZIT6, STM32H563AGI6, STM32H563AII3Q, STM32H563AII6, STM32H563IGK6, STM32H563IGT6, STM32H563IIK3Q, STM32H563IIK6, STM32H563IIT3Q, STM32H563IIT6, STM32H563MIY3QTR, STM32H563RGT6, STM32H563RGV6, STM32H563RIT6, STM32H563RIV6, STM32H563VGT6, STM32H563VIT3Q, STM32H563VIT6, STM32H563ZGT6, STM32H563ZIT3Q, STM32H563ZIT6, STM32H573AII3Q, STM32H573AII6, STM32H573I-DK, STM32H573IIK3Q, STM32H573IIK6, STM32H573IIT3Q, STM32H573IIT6, STM32H573MIY3QTR, STM32H573RIT6, STM32H573RIV6, STM32H573VIT3Q, STM32H573VIT6, STM32H573ZIT3Q, STM32H573ZIT6, STM32L4R5QGI6STR, STM32MP131AAE3, STM32MP131AAF3, STM32MP131AAG3, STM32MP131CAE3, STM32MP131CAF3, STM32MP131CAG3, STM32MP131DAE7, STM32MP131DAF7, STM32MP131DAG7, STM32MP131FAE7, STM32MP131FAF7, STM32MP131FAG7, STM32MP133AAE3, STM32MP133AAF3, STM32MP133AAG3, STM32MP133CAE3, STM32MP133CAF3, STM32MP133CAG3, STM32MP133DAE7, STM32MP133DAF7, STM32MP133DAG7, STM32MP133FAE7, STM32MP133FAF7, STM32MP133FAG7, STM32MP135AAE3, STM32MP135AAF3, STM32MP135AAG3, STM32MP135CAE3, STM32MP135CAF3, STM32MP135CAG3, STM32MP135DAE7, STM32MP135DAF7, STM32MP135DAG7, STM32MP135F-DK, STM32MP135FAE7, STM32MP135FAF7, STM32MP135FAF7T, STM32MP135FAF7U, STM32MP135FAG7, STM32U535CBT6, STM32U535CBT6Q, STM32U535CBU6, STM32U535CBU6Q, STM32U535CCT6, STM32U535CCT6Q, STM32U535CCU6, STM32U535CCU6Q, STM32U535CET6, STM32U535CET6Q, STM32U535CEU6, STM32U535CEU6Q, STM32U535JEY6QTR, STM32U535NCY6QTR, STM32U535NEY6QTR, STM32U535RBI6, STM32U535RBI6Q, STM32U535RBT6, STM32U535RBT6Q, STM32U535RCI6, STM32U535RCI6Q, STM32U535RCT6, STM32U535RCT6Q, STM32U535REI6, STM32U535REI6Q, STM32U535RET6, STM32U535RET6Q, STM32U535VCI6, STM32U535VCI6Q, STM32U535VCT6, STM32U535VCT6Q, STM32U535VEI6, STM32U535VEI6Q, STM32U535VET6, STM32U535VET6Q, STM32U545CET6, STM32U545CET6Q, STM32U545CEU6, STM32U545CEU6Q, STM32U545JEY6QTR, STM32U545NEY6QTR, STM32U545REI6, STM32U545REI6Q, STM32U545RET6, STM32U545RET6Q, STM32U545VEI6, STM32U545VEI6Q, STM32U545VET6, STM32U545VET6Q, STM32U595AIH6, STM32U595AIH6Q, STM32U595AJH6, STM32U595AJH6Q, STM32U595QII6, STM32U595QII6Q, STM32U595QJI6, STM32U595QJI6Q, STM32U595RIT6, STM32U595RIT6Q, STM32U595RJT6, STM32U595RJT6Q, STM32U595VIT6, STM32U595VIT6Q, STM32U595VJT6, STM32U595VJT6Q, STM32U595ZIT6, STM32U595ZIT6Q, STM32U595ZIY6QTR, STM32U595ZJT6, STM32U595ZJT6Q, STM32U595ZJY6QTR, STM32U599BJY6QTR, STM32U599NIH6Q, STM32U599NJH6Q, STM32U599VIT6Q, STM32U599VJT6, STM32U599VJT6Q, STM32U599ZIT6Q, STM32U599ZIY6QTR, STM32U599ZJT6Q, STM32U599ZJY6QTR, STM32U5A5AJH6, STM32U5A5AJH6Q, STM32U5A5QJI6, STM32U5A5QJI6Q, STM32U5A5RJT6, STM32U5A5RJT6Q, STM32U5A5VJT6, STM32U5A5VJT6Q, STM32U5A5ZJT6, STM32U5A5ZJT6Q, STM32U5A5ZJY6QTR, STM32U5A9BJY6QTR, STM32U5A9J-DK, STM32U5A9NJH6Q, STM32U5A9VJT6Q, STM32U5A9ZJT6Q, STM32U5A9ZJY6QTR, STM32U5F7VIT6, STM32U5F7VIT6Q, STM32U5F7VJT6, STM32U5F7VJT6Q, STM32U5F9BJY6QTR, STM32U5F9NJH6Q, STM32U5F9VIT6Q, STM32U5F9VJT6Q, STM32U5F9ZIJ6QTR, STM32U5F9ZIT6Q, STM32U5F9ZJJ6QTR, STM32U5F9ZJT6Q, STM32U5G7VJT6, STM32U5G7VJT6Q, STM32U5G9BJY6QTR, STM32U5G9J-DK1, STM32U5G9J-DK2, STM32U5G9NJH6Q, STM32U5G9VJT6Q, STM32U5G9ZJJ6QTR, STM32U5G9ZJT6Q, STM32WB1MMCH6, STM32WBA52CEU6, STM32WBA52CEU6T, STM32WBA52CGU6, STM32WBA52CGU6T, STM32WBA52KEU6, STM32WBA52KEU6T, STM32WBA52KGU6, STM32WBA52KGU6T, STM32WL5MOCH6, STM32WL5MOCH6TR]
2023-11-06 11:37:58,450 [INFO] DbMcus:217 - Found 3848 MCUs, 3848 are supported
2023-11-06 11:37:58,451 [INFO] ApiDb:423 - Load user favorites file C:\Users\PDCPDZQ/.stm32cubeide/favorites.mcus.txt: 3 item(s)
2023-11-06 11:37:58,451 [INFO] ApiDb:427 - User favorites MCUs=[STM32F302R8T6, STM32F303RET6, STM32H745ZIT6]
2023-11-06 11:37:58,451 [INFO] DbMcus:223 - Set 3 / 3 favorites MCUs
2023-11-06 11:37:58,644 [WARN] ThirdParty:833 - waiting for thirdparty lock release [change project]
2023-11-06 11:37:58,644 [INFO] ThirdParty:835 - entering critical section [change project]
2023-11-06 11:37:58,644 [INFO] ThirdParty:1030 - CMSIS Pack Vendor :STMicroelectronics X-CUBE-ISPU 1.1.0
2023-11-06 11:37:58,644 [INFO] ThirdParty:1030 - CMSIS Pack Vendor :STMicroelectronics USBPD 4.1
2023-11-06 11:37:58,644 [INFO] ThirdParty:1030 - CMSIS Pack Vendor :STMicroelectronics X-CUBE-GNSS1 6.0.0
2023-11-06 11:37:58,644 [INFO] ThirdParty:1030 - CMSIS Pack Vendor :STMicroelectronics USB_HOST 2.0.0
2023-11-06 11:37:58,644 [INFO] ThirdParty:1030 - CMSIS Pack Vendor :STMicroelectronics X-CUBE-AZRTOS-F4 1.1.0
2023-11-06 11:37:58,644 [INFO] ThirdParty:1030 - CMSIS Pack Vendor :STMicroelectronics LIBJPEG 8.0.0
2023-11-06 11:37:58,644 [INFO] ThirdParty:1030 - CMSIS Pack Vendor :wolfSSL I-CUBE-wolfSSL 5.6.3
2023-11-06 11:37:58,644 [INFO] ThirdParty:1030 - CMSIS Pack Vendor :STMicroelectronics X-CUBE-SMBUS 2.1.0
2023-11-06 11:37:58,644 [INFO] ThirdParty:1030 - CMSIS Pack Vendor :STMicroelectronics USB_DEVICE 3.0.0
2023-11-06 11:37:58,644 [INFO] ThirdParty:1030 - CMSIS Pack Vendor :STMicroelectronics X-CUBE-AZRTOS-WB 2.0.0
2023-11-06 11:37:58,644 [INFO] ThirdParty:1030 - CMSIS Pack Vendor :STMicroelectronics X-CUBE-AZRTOS-F7 1.1.0
2023-11-06 11:37:58,644 [INFO] ThirdParty:1030 - CMSIS Pack Vendor :STMicroelectronics X-CUBE-AZRTOS-L5 2.0.0
2023-11-06 11:37:58,644 [INFO] ThirdParty:1030 - CMSIS Pack Vendor :STMicroelectronics USB_DEVICE 2.0.0
2023-11-06 11:37:58,644 [INFO] ThirdParty:1030 - CMSIS Pack Vendor :STMicroelectronics X-CUBE-MEMS1 9.6.0
2023-11-06 11:37:58,644 [INFO] ThirdParty:1030 - CMSIS Pack Vendor :STMicroelectronics X-CUBE-EEPRMA1 4.2.0
2023-11-06 11:37:58,645 [INFO] ThirdParty:1030 - CMSIS Pack Vendor :ITTIA_DB I-CUBE-ITTIADB 8.8.0
2023-11-06 11:37:58,645 [INFO] ThirdParty:1030 - CMSIS Pack Vendor :STMicroelectronics FP-SNS-MOTENV1 4.3.2
2023-11-06 11:37:58,645 [INFO] ThirdParty:1030 - CMSIS Pack Vendor :STMicroelectronics X-CUBE-ALGOBUILD 1.3.0
2023-11-06 11:37:58,645 [INFO] ThirdParty:1030 - CMSIS Pack Vendor :STMicroelectronics FreeRTOS 0.0.1
2023-11-06 11:37:58,645 [INFO] ThirdParty:1030 - CMSIS Pack Vendor :STMicroelectronics X-CUBE-AZRTOS-G0 1.1.0
2023-11-06 11:37:58,645 [INFO] ThirdParty:1030 - CMSIS Pack Vendor :STMicroelectronics X-CUBE-BLEMGR 2.0.0
2023-11-06 11:37:58,645 [INFO] ThirdParty:1030 - CMSIS Pack Vendor :STMicroelectronics X-CUBE-NFC4 3.0.0
2023-11-06 11:37:58,645 [INFO] ThirdParty:1030 - CMSIS Pack Vendor :STMicroelectronics X-CUBE-SUBG2 5.0.0
2023-11-06 11:37:58,645 [INFO] ThirdParty:1030 - CMSIS Pack Vendor :STMicroelectronics STM32_WPAN 1.0.0
2023-11-06 11:37:58,645 [INFO] ThirdParty:1030 - CMSIS Pack Vendor :STMicroelectronics lwIP 2.0.3
2023-11-06 11:37:58,645 [INFO] ThirdParty:1030 - CMSIS Pack Vendor :STMicroelectronics FP-SNS-FLIGHT1 5.0.2
2023-11-06 11:37:58,645 [INFO] ThirdParty:1030 - CMSIS Pack Vendor :STMicroelectronics USB_HOST 1.0.0
2023-11-06 11:37:58,645 [INFO] ThirdParty:1030 - CMSIS Pack Vendor :STMicroelectronics X-CUBE-TOF1 3.3.1
2023-11-06 11:37:58,645 [INFO] ThirdParty:1030 - CMSIS Pack Vendor :STMicroelectronics X-CUBE-AZRTOS-G4 2.0.0
2023-11-06 11:37:58,645 [INFO] ThirdParty:1030 - CMSIS Pack Vendor :STMicroelectronics PDM2PCM 3.1.0
2023-11-06 11:37:58,645 [INFO] ThirdParty:1030 - CMSIS Pack Vendor :STMicroelectronics X-CUBE-AZRTOS-H7 3.1.0
2023-11-06 11:37:58,645 [INFO] ThirdParty:1030 - CMSIS Pack Vendor :Infineon AIROC-Wi-Fi-Bluetooth-STM32 1.5.1
2023-11-06 11:37:58,645 [INFO] ThirdParty:1030 - CMSIS Pack Vendor :STMicroelectronics X-CUBE-BLEMGR 3.0.0
2023-11-06 11:37:58,645 [INFO] ThirdParty:1030 - CMSIS Pack Vendor :STMicroelectronics PDM2PCM 3.3.0
2023-11-06 11:37:58,645 [INFO] ThirdParty:1030 - CMSIS Pack Vendor :STMicroelectronics X-CUBE-DISPLAY 3.0.0
2023-11-06 11:37:58,645 [INFO] ThirdParty:1030 - CMSIS Pack Vendor :STMicroelectronics X-CUBE-BLE1 7.0.0
2023-11-06 11:37:58,645 [INFO] ThirdParty:1030 - CMSIS Pack Vendor :STMicroelectronics FP-ATR-SIGFOX1 3.2.0
2023-11-06 11:37:58,645 [INFO] ThirdParty:1030 - CMSIS Pack Vendor :STMicroelectronics HAL Drivers 0.0.0
2023-11-06 11:37:58,645 [INFO] ThirdParty:1030 - CMSIS Pack Vendor :STMicroelectronics MBEDTLS 2.16.2
2023-11-06 11:37:58,645 [INFO] ThirdParty:1030 - CMSIS Pack Vendor :emotas I-CUBE-CANOPEN 1.3.0
2023-11-06 11:37:58,645 [INFO] ThirdParty:1030 - CMSIS Pack Vendor :STMicroelectronics X-CUBE-MEMS1 10.0.0
2023-11-06 11:37:58,645 [INFO] ThirdParty:1030 - CMSIS Pack Vendor :STMicroelectronics X-CUBE-FREERTOS 1.1.0
2023-11-06 11:37:58,645 [INFO] ThirdParty:1030 - CMSIS Pack Vendor :STMicroelectronics X-CUBE-TOUCHGFX 4.22.0
2023-11-06 11:37:58,645 [INFO] ThirdParty:1030 - CMSIS Pack Vendor :STMicroelectronics X-CUBE-NFC7 1.0.1
2023-11-06 11:37:58,645 [INFO] ThirdParty:1030 - CMSIS Pack Vendor :STMicroelectronics MBEDTLS 2.14.1
2023-11-06 11:37:58,645 [INFO] ThirdParty:1030 - CMSIS Pack Vendor :STMicroelectronics X-CUBE-TOUCHGFX 4.22.1
2023-11-06 11:37:58,645 [INFO] ThirdParty:1030 - CMSIS Pack Vendor :STMicroelectronics X-CUBE-NFC6 3.0.0
2023-11-06 11:37:58,645 [INFO] ThirdParty:1030 - CMSIS Pack Vendor :STMicroelectronics X-CUBE-EEPRMA1 4.1.0
2023-11-06 11:37:58,645 [INFO] ThirdParty:1030 - CMSIS Pack Vendor :portGmbH I-Cube-SoM-uGOAL 1.1.0
2023-11-06 11:37:58,645 [INFO] ThirdParty:1030 - CMSIS Pack Vendor :STMicroelectronics X-CUBE-ALS 1.0.1
2023-11-06 11:37:58,645 [INFO] ThirdParty:1030 - CMSIS Pack Vendor :STMicroelectronics ThreadX 1.0.0
2023-11-06 11:37:58,645 [INFO] ThirdParty:1030 - CMSIS Pack Vendor :STMicroelectronics FP-SNS-SMARTAG2 1.2.0
2023-11-06 11:37:58,645 [INFO] ThirdParty:1030 - CMSIS Pack Vendor :STMicroelectronics X-CUBE-AZRTOS-WL 2.0.0
2023-11-06 11:37:58,646 [INFO] ThirdParty:1030 - CMSIS Pack Vendor :SEGGER I-CUBE-embOS 1.3.1
2023-11-06 11:37:58,646 [INFO] ThirdParty:1030 - CMSIS Pack Vendor :STMicroelectronics USB_DEVICE 1.0.0
2023-11-06 11:37:58,646 [INFO] ThirdParty:1030 - CMSIS Pack Vendor :STMicroelectronics X-CUBE-AI 8.1.0
2023-11-06 11:37:58,646 [INFO] ThirdParty:1030 - CMSIS Pack Vendor :STMicroelectronics X-CUBE-AZRTOS-L4 2.0.0
2023-11-06 11:37:58,646 [INFO] ThirdParty:1030 - CMSIS Pack Vendor :STMicroelectronics ThreadX 0.0.2
2023-11-06 11:37:58,646 [INFO] ThirdParty:1030 - CMSIS Pack Vendor :WES I-CUBE-Cesium 1.3.0
2023-11-06 11:37:58,646 [INFO] ThirdParty:1030 - CMSIS Pack Vendor :STMicroelectronics FP-ATR-ASTRA1 2.0.0
2023-11-06 11:37:58,646 [INFO] ThirdParty:1030 - CMSIS Pack Vendor :STMicroelectronics lwIP 2.1.2
2023-11-06 11:37:58,646 [INFO] ThirdParty:1030 - CMSIS Pack Vendor :STMicroelectronics X-CUBE-SFXS2LP1 4.0.0
2023-11-06 11:37:58,646 [INFO] ThirdParty:1030 - CMSIS Pack Vendor :STMicroelectronics X-CUBE-BLE2 3.3.0
2023-11-06 11:37:58,646 [INFO] ThirdParty:1030 - CMSIS Pack Vendor :STMicroelectronics PDM2PCM 3.2.0
2023-11-06 11:37:58,646 [INFO] ThirdParty:841 - exiting critical section [change project]
2023-11-06 11:37:58,850 [INFO] PinOutPanel:1499 - setPackage(No Configuration,No Configuration)
2023-11-06 11:37:58,852 [INFO] PinOutPanel:1499 - setPackage(STM32F302R8Tx,LQFP64)
2023-11-06 11:37:59,383 [INFO] UtilMem:75 - Before build in PCC Used Memory: 193492464 Bytes (538968064)
2023-11-06 11:37:59,967 [INFO] UtilMem:75 - After build in PCC Used Memory: 274763264 Bytes (538968064)
2023-11-06 11:37:59,985 [INFO] IPUIPlugin:80 - create IPUIPlugin
2023-11-06 11:37:59,986 [INFO] IPUIPlugin:80 - create IPUIPlugin
2023-11-06 11:37:59,986 [INFO] IPUIPlugin:80 - create IPUIPlugin
2023-11-06 11:37:59,986 [INFO] IPUIPlugin:80 - create IPUIPlugin
2023-11-06 11:37:59,986 [INFO] IPUIPlugin:80 - create IPUIPlugin
2023-11-06 11:37:59,986 [INFO] IPUIPlugin:80 - create IPUIPlugin
2023-11-06 11:37:59,986 [INFO] IPUIPlugin:80 - create IPUIPlugin
2023-11-06 11:37:59,986 [INFO] IPUIPlugin:80 - create IPUIPlugin
2023-11-06 11:37:59,986 [INFO] IPUIPlugin:80 - create IPUIPlugin
2023-11-06 11:37:59,986 [INFO] IPUIPlugin:80 - create IPUIPlugin
2023-11-06 11:37:59,986 [INFO] IPUIPlugin:80 - create IPUIPlugin
2023-11-06 11:37:59,987 [INFO] IPUIPlugin:80 - create IPUIPlugin
2023-11-06 11:37:59,987 [INFO] IPUIPlugin:80 - create IPUIPlugin
2023-11-06 11:37:59,987 [INFO] IPUIPlugin:80 - create IPUIPlugin
2023-11-06 11:37:59,987 [INFO] IPUIPlugin:80 - create IPUIPlugin
2023-11-06 11:37:59,987 [INFO] IPUIPlugin:80 - create IPUIPlugin
2023-11-06 11:37:59,987 [INFO] IPUIPlugin:80 - create IPUIPlugin
2023-11-06 11:37:59,987 [INFO] IPUIPlugin:80 - create IPUIPlugin
2023-11-06 11:37:59,987 [INFO] IPUIPlugin:80 - create IPUIPlugin
2023-11-06 11:37:59,988 [INFO] IPUIPlugin:80 - create IPUIPlugin
2023-11-06 11:37:59,988 [INFO] IPUIPlugin:80 - create IPUIPlugin
2023-11-06 11:37:59,988 [INFO] IPUIPlugin:80 - create IPUIPlugin
2023-11-06 11:37:59,988 [INFO] IPUIPlugin:80 - create IPUIPlugin
2023-11-06 11:37:59,988 [INFO] IPUIPlugin:80 - create IPUIPlugin
2023-11-06 11:37:59,988 [INFO] IPUIPlugin:80 - create IPUIPlugin
2023-11-06 11:37:59,988 [INFO] IPUIPlugin:80 - create IPUIPlugin
2023-11-06 11:37:59,989 [INFO] IPUIPlugin:80 - create IPUIPlugin
2023-11-06 11:37:59,989 [INFO] IPUIPlugin:80 - create IPUIPlugin
2023-11-06 11:37:59,989 [INFO] IPUIPlugin:80 - create IPUIPlugin
2023-11-06 11:37:59,989 [INFO] IPUIPlugin:80 - create IPUIPlugin
2023-11-06 11:37:59,989 [INFO] IPUIPlugin:80 - create IPUIPlugin
2023-11-06 11:37:59,989 [INFO] IPUIPlugin:80 - create IPUIPlugin
2023-11-06 11:37:59,989 [INFO] IPUIPlugin:80 - create IPUIPlugin
2023-11-06 11:37:59,989 [INFO] IPUIPlugin:80 - create IPUIPlugin
2023-11-06 11:37:59,990 [INFO] IPUIPlugin:80 - create IPUIPlugin
2023-11-06 11:37:59,990 [INFO] IPUIPlugin:80 - create IPUIPlugin
2023-11-06 11:37:59,990 [INFO] IPUIPlugin:80 - create IPUIPlugin
2023-11-06 11:37:59,990 [INFO] IPUIPlugin:80 - create IPUIPlugin
2023-11-06 11:37:59,990 [INFO] IPUIPlugin:80 - create IPUIPlugin
2023-11-06 11:38:00,153 [INFO] CADModel:165 - CPN selected for project levelSTM32F302R8T6
2023-11-06 11:38:00,153 [INFO] CADModel:114 - Register for checkConnection events
2023-11-06 11:38:00,198 [INFO] OpenFileManager:328 - Restore cursor
2023-11-06 12:09:12,486 [INFO] RtosManager:919 - Current active RTOS is FREERTOS [Cortex-M4NS]
2023-11-06 12:09:12,913 [INFO] ApiDbMcu:507 - Load IP Config File for FREERTOS
2023-11-06 12:09:13,034 [WARN] FreeRTOS:563 - Case being investigated as it may cause exception (when called to early by set config state
2023-11-06 12:09:13,191 [ERROR] RtosPanel:558 - Can not restore the selected Tab for FREERTOS(A reason can be that the tab is no more available.)
2023-11-06 12:09:13,260 [ERROR] RtosPanel:558 - Can not restore the selected Tab for FREERTOS(A reason can be that the tab is no more available.)
2023-11-06 12:09:16,612 [INFO] TasksAndQueuesTab:757 - Dynamic
2023-11-06 12:09:16,613 [WARN] TasksAndQueuesTab:763 - 128 128
2023-11-06 12:09:16,614 [WARN] TasksAndQueuesTab:775 - max value is: 768.0
2023-11-06 12:09:25,558 [INFO] EditThreadDialog:704 - RAM SIZE (in KB): 16
2023-11-06 12:09:25,558 [INFO] EditThreadDialog:706 - RAM SIZE (in words): 4096
2023-11-06 12:10:14,506 [INFO] TasksAndQueuesTab:757 - Dynamic
2023-11-06 12:10:14,506 [WARN] TasksAndQueuesTab:763 - 128 128
2023-11-06 12:10:14,506 [WARN] TasksAndQueuesTab:775 - max value is: 768.0
2023-11-06 12:10:14,506 [INFO] TasksAndQueuesTab:757 - Dynamic
2023-11-06 12:10:14,506 [WARN] TasksAndQueuesTab:763 - 128 128
2023-11-06 12:10:14,506 [WARN] TasksAndQueuesTab:775 - max value is: 768.0
2023-11-06 12:10:14,605 [ERROR] RtosPanel:558 - Can not restore the selected Tab for FREERTOS(A reason can be that the tab is no more available.)
2023-11-06 12:10:16,973 [INFO] TasksAndQueuesTab:757 - Dynamic
2023-11-06 12:10:16,973 [WARN] TasksAndQueuesTab:763 - 128 128
2023-11-06 12:10:16,973 [WARN] TasksAndQueuesTab:775 - max value is: 768.0
2023-11-06 12:10:16,973 [INFO] TasksAndQueuesTab:757 - Dynamic
2023-11-06 12:10:16,975 [WARN] TasksAndQueuesTab:763 - 128 128
2023-11-06 12:10:16,975 [WARN] TasksAndQueuesTab:775 - max value is: 768.0
2023-11-06 12:10:18,572 [INFO] EditThreadDialog:704 - RAM SIZE (in KB): 16
2023-11-06 12:10:18,572 [INFO] EditThreadDialog:706 - RAM SIZE (in words): 4096
2023-11-06 12:11:01,912 [INFO] TasksAndQueuesTab:757 - Dynamic
2023-11-06 12:11:01,912 [WARN] TasksAndQueuesTab:763 - 128 128
2023-11-06 12:11:01,912 [WARN] TasksAndQueuesTab:775 - max value is: 768.0
2023-11-06 12:11:01,912 [INFO] TasksAndQueuesTab:757 - Dynamic
2023-11-06 12:11:01,912 [WARN] TasksAndQueuesTab:763 - 128 128
2023-11-06 12:11:01,912 [WARN] TasksAndQueuesTab:775 - max value is: 768.0
2023-11-06 12:13:38,843 [INFO] UtilMem:75 - End SaveConfig() Used Memory: 315568896 Bytes (723517440)
2023-11-06 12:13:41,690 [INFO] UtilMem:75 - End SaveConfig() Used Memory: 338585608 Bytes (723517440)
2023-11-06 12:13:45,686 [INFO] UtilMem:75 - End SaveConfig() Used Memory: 397672128 Bytes (723517440)
2023-11-06 12:13:59,644 [ERROR] RtosPanel:558 - Can not restore the selected Tab for FREERTOS(A reason can be that the tab is no more available.)
2023-11-06 12:14:05,240 [INFO] UtilMem:75 - End SaveConfig() Used Memory: 446956680 Bytes (723517440)
2023-11-06 12:14:06,704 [INFO] UtilMem:75 - End SaveConfig() Used Memory: 470283824 Bytes (723517440)
2023-11-06 12:14:08,653 [INFO] UtilMem:75 - End SaveConfig() Used Memory: 528481840 Bytes (723517440)
2023-11-06 12:14:08,944 [INFO] BlockDiagram:2759 - set Specific Code input for plugin: SPI
2023-11-06 12:14:08,944 [INFO] BlockDiagram:2759 - set Specific Code input for plugin: NVIC
2023-11-06 12:14:08,944 [INFO] BlockDiagram:2759 - set Specific Code input for plugin: FREERTOS
2023-11-06 12:14:08,944 [INFO] BlockDiagram:2759 - set Specific Code input for plugin: USART
2023-11-06 12:14:08,944 [INFO] BlockDiagram:2759 - set Specific Code input for plugin: SYS
2023-11-06 12:14:08,945 [INFO] BlockDiagram:2759 - set Specific Code input for plugin: GPIO
2023-11-06 12:14:08,945 [INFO] BlockDiagram:2759 - set Specific Code input for plugin: RCC
2023-11-06 12:14:08,947 [INFO] CodeGenerator:799 - code generatio: config db path: C:\ST\STM32CubeIDE_1.13.0\STM32CubeIDE\plugins\com.st.stm32cube.common.mx_6.9.2.202309101412\\db\
2023-11-06 12:14:09,113 [INFO] CodeEngine:255 - oldGeneratedFile, C:\Repo\LPS\TX_F302R8\MXTmpFiles\license.tmp_save
2023-11-06 12:14:09,468 [INFO] CodeEngine:279 - Generated code: C:\Repo\LPS\TX_F302R8\MXTmpFiles\license.tmp
2023-11-06 12:14:09,565 [INFO] CodeEngine:255 - oldGeneratedFile, C:\Repo\LPS\TX_F302R8\MXTmpFiles\gpio.tmp_save
2023-11-06 12:14:09,750 [INFO] CodeEngine:279 - Generated code: C:\Repo\LPS\TX_F302R8\MXTmpFiles\gpio.tmp
2023-11-06 12:14:09,966 [INFO] Middleware:1439 - No code input for Bsp Dependency
2023-11-06 12:14:09,979 [INFO] CodeEngine:255 - oldGeneratedFile, C:\Repo\LPS\TX_F302R8\MXTmpFiles\rtos_inc.tmp_save
2023-11-06 12:14:10,075 [INFO] CodeEngine:279 - Generated code: C:\Repo\LPS\TX_F302R8\MXTmpFiles\rtos_inc.tmp
2023-11-06 12:14:10,082 [INFO] CodeEngine:255 - oldGeneratedFile, C:\Repo\LPS\TX_F302R8\MXTmpFiles\rtos_kernelInit.tmp_save
2023-11-06 12:14:10,151 [INFO] CodeEngine:279 - Generated code: C:\Repo\LPS\TX_F302R8\MXTmpFiles\rtos_kernelInit.tmp
2023-11-06 12:14:10,157 [INFO] CodeEngine:255 - oldGeneratedFile, C:\Repo\LPS\TX_F302R8\MXTmpFiles\rtos_kernelStart.tmp_save
2023-11-06 12:14:10,261 [INFO] CodeEngine:279 - Generated code: C:\Repo\LPS\TX_F302R8\MXTmpFiles\rtos_kernelStart.tmp
2023-11-06 12:14:10,278 [INFO] CodeEngine:255 - oldGeneratedFile, C:\Repo\LPS\TX_F302R8\MXTmpFiles\rtos_typedefs.tmp_save
2023-11-06 12:14:10,332 [INFO] CodeEngine:279 - Generated code: C:\Repo\LPS\TX_F302R8\MXTmpFiles\rtos_typedefs.tmp
2023-11-06 12:14:10,337 [INFO] CodeEngine:255 - oldGeneratedFile, C:\Repo\LPS\TX_F302R8\MXTmpFiles\rtos_vars.tmp_save
2023-11-06 12:14:10,397 [INFO] CodeEngine:279 - Generated code: C:\Repo\LPS\TX_F302R8\MXTmpFiles\rtos_vars.tmp
2023-11-06 12:14:10,404 [INFO] CodeEngine:255 - oldGeneratedFile, C:\Repo\LPS\TX_F302R8\MXTmpFiles\rtos_pfp.tmp_save
2023-11-06 12:14:10,469 [INFO] CodeEngine:279 - Generated code: C:\Repo\LPS\TX_F302R8\MXTmpFiles\rtos_pfp.tmp
2023-11-06 12:14:10,474 [INFO] CodeEngine:255 - oldGeneratedFile, C:\Repo\LPS\TX_F302R8\MXTmpFiles\rtos_obj_creat.tmp_save
2023-11-06 12:14:10,528 [INFO] CodeEngine:279 - Generated code: C:\Repo\LPS\TX_F302R8\MXTmpFiles\rtos_obj_creat.tmp
2023-11-06 12:14:10,532 [INFO] CodeEngine:255 - oldGeneratedFile, C:\Repo\LPS\TX_F302R8\MXTmpFiles\rtos_default_thread.tmp_save
2023-11-06 12:14:10,580 [INFO] CodeEngine:279 - Generated code: C:\Repo\LPS\TX_F302R8\MXTmpFiles\rtos_default_thread.tmp
2023-11-06 12:14:10,585 [INFO] CodeEngine:255 - oldGeneratedFile, C:\Repo\LPS\TX_F302R8\MXTmpFiles\rtos_threads.tmp_save
2023-11-06 12:14:10,632 [INFO] CodeEngine:279 - Generated code: C:\Repo\LPS\TX_F302R8\MXTmpFiles\rtos_threads.tmp
2023-11-06 12:14:10,645 [INFO] Middleware:1439 - No code input for Bsp Dependency
2023-11-06 12:14:10,657 [INFO] CodeEngine:255 - oldGeneratedFile, C:\Repo\LPS\TX_F302R8\MXTmpFiles\rtos_inc.tmp_save
2023-11-06 12:14:10,714 [INFO] CodeEngine:279 - Generated code: C:\Repo\LPS\TX_F302R8\MXTmpFiles\rtos_inc.tmp
2023-11-06 12:14:10,725 [INFO] CodeEngine:255 - oldGeneratedFile, C:\Repo\LPS\TX_F302R8\MXTmpFiles\rtos_kernelInit.tmp_save
2023-11-06 12:14:10,769 [INFO] CodeEngine:279 - Generated code: C:\Repo\LPS\TX_F302R8\MXTmpFiles\rtos_kernelInit.tmp
2023-11-06 12:14:10,780 [INFO] CodeEngine:255 - oldGeneratedFile, C:\Repo\LPS\TX_F302R8\MXTmpFiles\rtos_kernelStart.tmp_save
2023-11-06 12:14:10,837 [INFO] CodeEngine:279 - Generated code: C:\Repo\LPS\TX_F302R8\MXTmpFiles\rtos_kernelStart.tmp
2023-11-06 12:14:10,846 [INFO] CodeEngine:255 - oldGeneratedFile, C:\Repo\LPS\TX_F302R8\MXTmpFiles\rtos_typedefs.tmp_save
2023-11-06 12:14:10,906 [INFO] CodeEngine:279 - Generated code: C:\Repo\LPS\TX_F302R8\MXTmpFiles\rtos_typedefs.tmp
2023-11-06 12:14:10,919 [INFO] CodeEngine:255 - oldGeneratedFile, C:\Repo\LPS\TX_F302R8\MXTmpFiles\rtos_vars.tmp_save
2023-11-06 12:14:11,001 [INFO] CodeEngine:279 - Generated code: C:\Repo\LPS\TX_F302R8\MXTmpFiles\rtos_vars.tmp
2023-11-06 12:14:11,013 [INFO] CodeEngine:255 - oldGeneratedFile, C:\Repo\LPS\TX_F302R8\MXTmpFiles\rtos_pfp.tmp_save
2023-11-06 12:14:11,100 [INFO] CodeEngine:279 - Generated code: C:\Repo\LPS\TX_F302R8\MXTmpFiles\rtos_pfp.tmp
2023-11-06 12:14:11,113 [INFO] CodeEngine:255 - oldGeneratedFile, C:\Repo\LPS\TX_F302R8\MXTmpFiles\rtos_obj_creat.tmp_save
2023-11-06 12:14:11,176 [INFO] CodeEngine:279 - Generated code: C:\Repo\LPS\TX_F302R8\MXTmpFiles\rtos_obj_creat.tmp
2023-11-06 12:14:11,183 [INFO] CodeEngine:255 - oldGeneratedFile, C:\Repo\LPS\TX_F302R8\MXTmpFiles\rtos_default_thread.tmp_save
2023-11-06 12:14:11,231 [INFO] CodeEngine:279 - Generated code: C:\Repo\LPS\TX_F302R8\MXTmpFiles\rtos_default_thread.tmp
2023-11-06 12:14:11,241 [INFO] CodeEngine:255 - oldGeneratedFile, C:\Repo\LPS\TX_F302R8\MXTmpFiles\rtos_threads.tmp_save
2023-11-06 12:14:11,291 [INFO] CodeEngine:279 - Generated code: C:\Repo\LPS\TX_F302R8\MXTmpFiles\rtos_threads.tmp
2023-11-06 12:14:11,301 [INFO] CodeEngine:255 - oldGeneratedFile, C:\Repo\LPS\TX_F302R8\Core\Inc\FreeRTOSConfig.h_save
2023-11-06 12:14:11,394 [INFO] CodeEngine:279 - Generated code: C:\Repo\LPS\TX_F302R8\Core\Inc\FreeRTOSConfig.h
2023-11-06 12:14:11,403 [INFO] CodeEngine:255 - oldGeneratedFile, C:\Repo\LPS\TX_F302R8\Core\Src\freertos.c_save
2023-11-06 12:14:11,515 [INFO] CodeEngine:279 - Generated code: C:\Repo\LPS\TX_F302R8\Core\Src\freertos.c
2023-11-06 12:14:11,542 [INFO] CodeEngine:255 - oldGeneratedFile, C:\Repo\LPS\TX_F302R8\Core\Src\stm32f3xx_it.c_save
2023-11-06 12:14:11,693 [INFO] CodeEngine:279 - Generated code: C:\Repo\LPS\TX_F302R8\Core\Src\stm32f3xx_it.c
2023-11-06 12:14:11,707 [INFO] CodeEngine:255 - oldGeneratedFile, C:\Repo\LPS\TX_F302R8\Core\Inc\stm32f3xx_it.h_save
2023-11-06 12:14:11,803 [INFO] CodeEngine:279 - Generated code: C:\Repo\LPS\TX_F302R8\Core\Inc\stm32f3xx_it.h
2023-11-06 12:14:11,855 [INFO] CodeEngine:255 - oldGeneratedFile, C:\Repo\LPS\TX_F302R8\Core\Src\stm32f3xx_hal_msp.c_save
2023-11-06 12:14:12,025 [INFO] CodeEngine:279 - Generated code: C:\Repo\LPS\TX_F302R8\Core\Src\stm32f3xx_hal_msp.c
2023-11-06 12:14:12,036 [INFO] CodeEngine:255 - oldGeneratedFile, C:\Repo\LPS\TX_F302R8\MXTmpFiles\system.tmp_save
2023-11-06 12:14:12,095 [INFO] CodeEngine:279 - Generated code: C:\Repo\LPS\TX_F302R8\MXTmpFiles\system.tmp
2023-11-06 12:14:12,102 [INFO] CodeEngine:255 - oldGeneratedFile, C:\Repo\LPS\TX_F302R8\Core\Src\stm32f3xx_hal_timebase_tim.c_save
2023-11-06 12:14:12,195 [INFO] CodeEngine:279 - Generated code: C:\Repo\LPS\TX_F302R8\Core\Src\stm32f3xx_hal_timebase_tim.c
2023-11-06 12:14:12,224 [INFO] CodeEngine:311 - oldGeneratedFile, C:\Repo\LPS\TX_F302R8\Core\Inc\stm32f3xx_hal_conf.h_save
2023-11-06 12:14:12,328 [INFO] CodeEngine:335 - Generated code: C:\Repo\LPS\TX_F302R8\Core\Inc\stm32f3xx_hal_conf.h
2023-11-06 12:14:12,397 [INFO] CodeEngine:255 - oldGeneratedFile, C:\Repo\LPS\TX_F302R8\Core\Inc\main.h_save
2023-11-06 12:14:12,504 [INFO] CodeEngine:279 - Generated code: C:\Repo\LPS\TX_F302R8\Core\Inc\main.h
2023-11-06 12:14:12,515 [INFO] CodeEngine:255 - oldGeneratedFile, C:\Repo\LPS\TX_F302R8\Core\Src\main.c_save
2023-11-06 12:14:12,770 [INFO] CodeEngine:279 - Generated code: C:\Repo\LPS\TX_F302R8\Core\Src\main.c
2023-11-06 12:14:13,793 [INFO] ProjectBuilder:3064 - Time for Copy HAL[1] : 605mS.
2023-11-06 12:14:13,809 [INFO] ProjectBuilder:4404 - Project Generator version: 4.1.0
2023-11-06 12:14:14,171 [INFO] ConfigFileManager:1457 - The Die is : DIE439
2023-11-06 12:14:14,176 [INFO] ApiDbMcu:507 - Load IP Config File for FATFS
2023-11-06 12:14:14,199 [INFO] ApiDbMcu:507 - Load IP Config File for TOUCHSENSING
2023-11-06 12:14:14,208 [INFO] ApiDbMcu:507 - Load IP Config File for USB_DEVICE
2023-11-06 12:14:15,043 [INFO] LogOutputStream:77 - [STDOUT_REDIRECT] 
2023-11-06 12:14:16,220 [INFO] ProjectBuilder:4626 - Time for Generating toolchain IDE Files: 2411mS.
2023-11-06 12:14:16,222 [INFO] ProjectBuilder:2935 - Time for Copy CMSIS : 1mS.
2023-11-06 12:14:16,233 [INFO] ProjectBuilder:2935 - Time for Copy CMSIS : 0mS.
2023-11-06 15:20:59,107 [ERROR] LogOutputStream:75 - [STDERR_REDIRECT] Exception in thread "AWT-EventQueue-0" java.awt.IllegalComponentStateException: Native resources unavailable
2023-11-06 15:20:59,107 [ERROR] LogOutputStream:75 - [STDERR_REDIRECT] 	at java.desktop/sun.awt.windows.WWindowPeer.getScreenImOn(Native Method)
2023-11-06 15:20:59,108 [ERROR] LogOutputStream:75 - [STDERR_REDIRECT] 	at java.desktop/sun.awt.windows.WWindowPeer.updateGC(WWindowPeer.java:566)
2023-11-06 15:20:59,109 [ERROR] LogOutputStream:75 - [STDERR_REDIRECT] 	at java.desktop/java.awt.event.InvocationEvent.dispatch(InvocationEvent.java:318)
2023-11-06 15:20:59,109 [ERROR] LogOutputStream:75 - [STDERR_REDIRECT] 	at java.desktop/java.awt.EventQueue.dispatchEventImpl(EventQueue.java:771)
2023-11-06 15:20:59,110 [ERROR] LogOutputStream:75 - [STDERR_REDIRECT] 	at java.desktop/java.awt.EventQueue$4.run(EventQueue.java:722)
2023-11-06 15:20:59,110 [ERROR] LogOutputStream:75 - [STDERR_REDIRECT] 	at java.desktop/java.awt.EventQueue$4.run(EventQueue.java:716)
2023-11-06 15:20:59,112 [ERROR] LogOutputStream:75 - [STDERR_REDIRECT] 	at java.base/java.security.AccessController.doPrivileged(AccessController.java:399)
2023-11-06 15:20:59,113 [ERROR] LogOutputStream:75 - [STDERR_REDIRECT] 	at java.base/java.security.ProtectionDomain$JavaSecurityAccessImpl.doIntersectionPrivilege(ProtectionDomain.java:86)
2023-11-06 15:20:59,113 [ERROR] LogOutputStream:75 - [STDERR_REDIRECT] 	at java.base/java.security.ProtectionDomain$JavaSecurityAccessImpl.doIntersectionPrivilege(ProtectionDomain.java:97)
2023-11-06 15:20:59,114 [ERROR] LogOutputStream:75 - [STDERR_REDIRECT] 	at java.desktop/java.awt.EventQueue$5.run(EventQueue.java:746)
2023-11-06 15:20:59,114 [ERROR] LogOutputStream:75 - [STDERR_REDIRECT] 	at java.desktop/java.awt.EventQueue$5.run(EventQueue.java:744)
2023-11-06 15:20:59,115 [ERROR] LogOutputStream:75 - [STDERR_REDIRECT] 	at java.base/java.security.AccessController.doPrivileged(AccessController.java:399)
2023-11-06 15:20:59,116 [ERROR] LogOutputStream:75 - [STDERR_REDIRECT] 	at java.base/java.security.ProtectionDomain$JavaSecurityAccessImpl.doIntersectionPrivilege(ProtectionDomain.java:86)
2023-11-06 15:20:59,116 [ERROR] LogOutputStream:75 - [STDERR_REDIRECT] 	at java.desktop/java.awt.EventQueue.dispatchEvent(EventQueue.java:743)
2023-11-06 15:20:59,117 [ERROR] LogOutputStream:75 - [STDERR_REDIRECT] 	at java.desktop/java.awt.EventDispatchThread.pumpOneEventForFilters(EventDispatchThread.java:203)
2023-11-06 15:20:59,118 [ERROR] LogOutputStream:75 - [STDERR_REDIRECT] 	at java.desktop/java.awt.EventDispatchThread.pumpEventsForFilter(EventDispatchThread.java:124)
2023-11-06 15:20:59,119 [ERROR] LogOutputStream:75 - [STDERR_REDIRECT] 	at java.desktop/java.awt.EventDispatchThread.pumpEventsForHierarchy(EventDispatchThread.java:113)
2023-11-06 15:20:59,119 [ERROR] LogOutputStream:75 - [STDERR_REDIRECT] 	at java.desktop/java.awt.EventDispatchThread.pumpEvents(EventDispatchThread.java:109)
2023-11-06 15:20:59,120 [ERROR] LogOutputStream:75 - [STDERR_REDIRECT] 	at java.desktop/java.awt.EventDispatchThread.pumpEvents(EventDispatchThread.java:101)
2023-11-06 15:20:59,121 [ERROR] LogOutputStream:75 - [STDERR_REDIRECT] 	at java.desktop/java.awt.EventDispatchThread.run(EventDispatchThread.java:90)
